[10-Apr-2023 08:13:28 UTC] PHP Parse error:  syntax error, unexpected token "echo" in C:\Users\Pc\Local Sites\fictional-university\app\public\experiment.php on line 4
[10-Apr-2023 09:22:53 UTC] PHP Warning:  Attempt to read property "title" on null in C:\Users\Pc\Local Sites\fictional-university\app\public\wp-includes\class-wp-customize-widgets.php on line 905
[11-Apr-2023 07:42:48 UTC] PHP Parse error:  syntax error, unexpected token ";" in C:\Users\Pc\Local Sites\fictional-university\app\public\wp-content\themes\fictional-university-theme\index.php on line 10
[11-Apr-2023 07:43:28 UTC] PHP Parse error:  syntax error, unexpected token ";" in C:\Users\Pc\Local Sites\fictional-university\app\public\wp-content\themes\fictional-university-theme\index.php on line 10
[11-Apr-2023 07:43:29 UTC] PHP Parse error:  syntax error, unexpected token ";" in C:\Users\Pc\Local Sites\fictional-university\app\public\wp-content\themes\fictional-university-theme\index.php on line 10
[11-Apr-2023 08:16:04 UTC] PHP Warning:  Array to string conversion in C:\Users\Pc\Local Sites\fictional-university\app\public\wp-content\themes\fictional-university-theme\index.php on line 7
[12-Apr-2023 02:46:37 UTC] Cron reschedule event error for hook: wp_privacy_delete_old_export_files, Error code: could_not_set, Error message: The cron event list could not be saved., Data: {"schedule":"hourly","args":[],"interval":3600}
[13-Apr-2023 05:03:54 UTC] PHP Parse error:  syntax error, unexpected identifier "wp_enqueue_style" in C:\Users\Pc\Local Sites\fictional-university\app\public\wp-content\themes\fictional-university-theme\functions.php on line 5
[13-Apr-2023 05:03:54 UTC] PHP Parse error:  syntax error, unexpected identifier "wp_enqueue_style" in C:\Users\Pc\Local Sites\fictional-university\app\public\wp-content\themes\fictional-university-theme\functions.php on line 5
[14-Apr-2023 10:04:00 UTC] PHP Parse error:  syntax error, unexpected single-quoted string "sort_column", expecting ")" in C:\Users\Pc\Local Sites\fictional-university\app\public\wp-content\themes\fictional-university-theme\page.php on line 51
[17-Apr-2023 04:40:28 UTC] PHP Warning:  Attempt to read property "title" on null in C:\Users\Pc\Local Sites\fictional-university\app\public\wp-includes\class-wp-customize-widgets.php on line 905
[19-Apr-2023 04:33:12 UTC] Cron reschedule event error for hook: wp_version_check, Error code: could_not_set, Error message: The cron event list could not be saved., Data: {"schedule":"twicedaily","args":[],"interval":43200}
[19-Apr-2023 06:04:17 UTC] PHP Warning:  Undefined variable $the_parent in C:\Users\Pc\Local Sites\fictional-university\app\public\wp-content\themes\fictional-university-theme\single.php on line 21
[19-Apr-2023 06:04:17 UTC] PHP Warning:  Undefined variable $the_parent in C:\Users\Pc\Local Sites\fictional-university\app\public\wp-content\themes\fictional-university-theme\single.php on line 21
[19-Apr-2023 06:30:36 UTC] PHP Warning:  Undefined variable $the_parent in C:\Users\Pc\Local Sites\fictional-university\app\public\wp-content\themes\fictional-university-theme\single.php on line 21
[19-Apr-2023 06:30:36 UTC] PHP Warning:  Undefined variable $the_parent in C:\Users\Pc\Local Sites\fictional-university\app\public\wp-content\themes\fictional-university-theme\single.php on line 22
[19-Apr-2023 10:03:36 UTC] PHP Parse error:  syntax error, unexpected token "}", expecting "," or ";" in C:\Users\Pc\Local Sites\fictional-university\app\public\wp-content\themes\fictional-university-theme\archive.php on line 11
[19-Apr-2023 13:47:37 UTC] WordPress database error Duplicate entry '27-6' for key 'PRIMARY' for query INSERT INTO `wp_term_relationships` (`object_id`, `term_taxonomy_id`) VALUES (27, 6) made by wp_nav_menu_update_menu_items, wp_update_nav_menu_item, wp_set_object_terms
[19-Apr-2023 13:47:38 UTC] WordPress database error Duplicate entry '28-6' for key 'PRIMARY' for query INSERT INTO `wp_term_relationships` (`object_id`, `term_taxonomy_id`) VALUES (28, 6) made by wp_nav_menu_update_menu_items, wp_update_nav_menu_item, wp_set_object_terms
[19-Apr-2023 14:28:14 UTC] PHP Parse error:  syntax error, unexpected token "=>" in C:\Users\ADMIN\Local Sites\fictional-university\app\public\wp-content\themes\fictional-university-theme\front-page.php on line 58
[19-Apr-2023 14:33:29 UTC] PHP Fatal error:  Uncaught Error: Call to undefined function wp_trim_content() in C:\Users\ADMIN\Local Sites\fictional-university\app\public\wp-content\themes\fictional-university-theme\front-page.php:70
Stack trace:
#0 C:\Users\ADMIN\Local Sites\fictional-university\app\public\wp-includes\template-loader.php(106): include()
#1 C:\Users\ADMIN\Local Sites\fictional-university\app\public\wp-blog-header.php(19): require_once('C:\\Users\\ADMIN\\...')
#2 C:\Users\ADMIN\Local Sites\fictional-university\app\public\index.php(17): require('C:\\Users\\ADMIN\\...')
#3 {main}
  thrown in C:\Users\ADMIN\Local Sites\fictional-university\app\public\wp-content\themes\fictional-university-theme\front-page.php on line 70
